{"C:\\OSPanel\\domains\\test\\src\\index.js": {"path":"C:\\OSPanel\\domains\\test\\src\\index.js","statementMap":{"0":{"start":{"line":1,"column":12},"end":{"line":1,"column":27}},"1":{"start":{"line":1,"column":22},"end":{"line":1,"column":27}},"2":{"start":{"line":2,"column":12},"end":{"line":2,"column":13}},"3":{"start":{"line":3,"column":0},"end":{"line":3,"column":25}}},"fnMap":{"0":{"name":"(anonymous_0)","decl":{"start":{"line":1,"column":12},"end":{"line":1,"column":13}},"loc":{"start":{"line":1,"column":22},"end":{"line":1,"column":27}},"line":1}},"branchMap":{},"s":{"0":1,"1":2,"2":1,"3":1},"f":{"0":2},"b":{},"_coverageSchema":"1a1c01bbd47fc00a2c39e90264f33305004495a9","hash":"6d05a0c5037d9457ab6438d9acf658895c15bcd9"}
}
